2023-01-23 09:41:05.854  INFO 90322 --- [main] account.AccountServiceApplication        : Starting AccountServiceApplication using Java 17.0.4.1 on Ahmets-MacBook-Air.local with PID 90322 (/Users/ahmetfikretcalikoglu/IdeaProjects/Account-Service/Account Service/task/out/production/classes started by ahmetfikretcalikoglu in /Users/ahmetfikretcalikoglu/IdeaProjects/Account-Service)
2023-01-23 09:41:05.856 DEBUG 90322 --- [main] account.AccountServiceApplication        : Running with Spring Boot v2.5.6, Spring v5.3.12
2023-01-23 09:41:05.856  INFO 90322 --- [main] account.AccountServiceApplication        : No active profile set, falling back to default profiles: default
2023-01-23 09:41:06.338  INFO 90322 --- [main] .s.d.r.c.RepositoryConfigurationDelegate : Bootstrapping Spring Data JPA repositories in DEFAULT mode.
2023-01-23 09:41:06.358  INFO 90322 --- [main] .s.d.r.c.RepositoryConfigurationDelegate : Finished Spring Data repository scanning in 17 ms. Found 1 JPA repository interfaces.
2023-01-23 09:41:06.657  INFO 90322 --- [main] o.s.b.w.embedded.tomcat.TomcatWebServer  : Tomcat initialized with port(s): 28852 (http)
2023-01-23 09:41:06.663  INFO 90322 --- [main] o.apache.catalina.core.StandardService   : Starting service [Tomcat]
2023-01-23 09:41:06.663  INFO 90322 --- [main] org.apache.catalina.core.StandardEngine  : Starting Servlet engine: [Apache Tomcat/9.0.54]
2023-01-23 09:41:06.705  INFO 90322 --- [main] o.a.c.c.C.[Tomcat].[localhost].[/]       : Initializing Spring embedded WebApplicationContext
2023-01-23 09:41:06.705  INFO 90322 --- [main] w.s.c.ServletWebServerApplicationContext : Root WebApplicationContext: initialization completed in 822 ms
2023-01-23 09:41:06.757  INFO 90322 --- [main] com.zaxxer.hikari.HikariDataSource       : HikariPool-1 - Starting...
2023-01-23 09:41:06.835  INFO 90322 --- [main] com.zaxxer.hikari.HikariDataSource       : HikariPool-1 - Start completed.
2023-01-23 09:41:06.838  INFO 90322 --- [main] o.s.b.a.h2.H2ConsoleAutoConfiguration    : H2 console available at '/h2-console'. Database available at 'jdbc:h2:file:../service_db'
2023-01-23 09:41:06.930  INFO 90322 --- [main] o.hibernate.jpa.internal.util.LogHelper  : HHH000204: Processing PersistenceUnitInfo [name: default]
2023-01-23 09:41:06.956  INFO 90322 --- [main] org.hibernate.Version                    : HHH000412: Hibernate ORM core version 5.4.32.Final
2023-01-23 09:41:07.027  INFO 90322 --- [main] o.hibernate.annotations.common.Version   : HCANN000001: Hibernate Commons Annotations {5.1.2.Final}
2023-01-23 09:41:07.079  INFO 90322 --- [main] org.hibernate.dialect.Dialect            : HHH000400: Using dialect: org.hibernate.dialect.H2Dialect
2023-01-23 09:41:07.359  INFO 90322 --- [main] o.h.e.t.j.p.i.JtaPlatformInitiator       : HHH000490: Using JtaPlatform implementation: [org.hibernate.engine.transaction.jta.platform.internal.NoJtaPlatform]
2023-01-23 09:41:07.362  INFO 90322 --- [main] j.LocalContainerEntityManagerFactoryBean : Initialized JPA EntityManagerFactory for persistence unit 'default'
2023-01-23 09:41:07.560  INFO 90322 --- [main] o.s.s.web.DefaultSecurityFilterChain     : Will secure any request with [org.springframework.security.web.context.request.async.WebAsyncManagerIntegrationFilter@d28a235, org.springframework.security.web.context.SecurityContextPersistenceFilter@2d5d001f, org.springframework.security.web.header.HeaderWriterFilter@21046afa, org.springframework.security.web.authentication.logout.LogoutFilter@2f9236d8, org.springframework.security.web.authentication.www.BasicAuthenticationFilter@575e862c, org.springframework.security.web.savedrequest.RequestCacheAwareFilter@43094e0c, org.springframework.security.web.servletapi.SecurityContextHolderAwareRequestFilter@17e8c38c, org.springframework.security.web.authentication.AnonymousAuthenticationFilter@43e30f15, org.springframework.security.web.session.SessionManagementFilter@7e28f150, org.springframework.security.web.access.ExceptionTranslationFilter@177302d6, org.springframework.security.web.access.intercept.AuthorizationFilter@3a66d97e]
2023-01-23 09:41:07.580  WARN 90322 --- [main] JpaBaseConfiguration$JpaWebConfiguration : spring.jpa.open-in-view is enabled by default. Therefore, database queries may be performed during view rendering. Explicitly configure spring.jpa.open-in-view to disable this warning
2023-01-23 09:41:07.791  INFO 90322 --- [main] o.s.s.web.DefaultSecurityFilterChain     : Will secure Ant [pattern='/api/auth/signup'] with []
2023-01-23 09:41:07.791  INFO 90322 --- [main] o.s.s.web.DefaultSecurityFilterChain     : Will secure Ant [pattern='/actuator/shutdown'] with []
2023-01-23 09:41:07.791  INFO 90322 --- [main] o.s.s.web.DefaultSecurityFilterChain     : Will secure Ant [pattern='/h2-console/*'] with []
2023-01-23 09:41:07.800  INFO 90322 --- [main] o.s.b.a.e.web.EndpointLinksResolver      : Exposing 15 endpoint(s) beneath base path '/actuator'
2023-01-23 09:41:07.819  INFO 90322 --- [main] o.s.b.w.embedded.tomcat.TomcatWebServer  : Tomcat started on port(s): 28852 (http) with context path ''
2023-01-23 09:41:07.826  INFO 90322 --- [main] account.AccountServiceApplication        : Started AccountServiceApplication in 2.183 seconds (JVM running for 2.411)
2023-01-23 09:41:33.497  INFO 90322 --- [http-nio-28852-exec-2] o.a.c.c.C.[Tomcat].[localhost].[/]       : Initializing Spring DispatcherServlet 'dispatcherServlet'
2023-01-23 09:41:33.497  INFO 90322 --- [http-nio-28852-exec-2] o.s.web.servlet.DispatcherServlet        : Initializing Servlet 'dispatcherServlet'
2023-01-23 09:41:33.498  INFO 90322 --- [http-nio-28852-exec-2] o.s.web.servlet.DispatcherServlet        : Completed initialization in 1 ms
2023-01-23 09:43:15.551 DEBUG 90322 --- [http-nio-28852-exec-5] a.controller.AuthenticationController    : POST /api/auth/signup userUser exist! john.doe@acme.com
2023-01-23 10:02:05.944  INFO 90322 --- [SpringApplicationShutdownHook] j.LocalContainerEntityManagerFactoryBean : Closing JPA EntityManagerFactory for persistence unit 'default'
2023-01-23 10:02:05.947  INFO 90322 --- [SpringApplicationShutdownHook] com.zaxxer.hikari.HikariDataSource       : HikariPool-1 - Shutdown initiated...
2023-01-23 10:02:05.949  INFO 90322 --- [SpringApplicationShutdownHook] com.zaxxer.hikari.HikariDataSource       : HikariPool-1 - Shutdown completed.
