2023-01-23 10:01:49.505  INFO 91479 --- [Test worker] account.AccountServiceApplication        : Starting AccountServiceApplication using Java 17.0.4.1 on Ahmets-MacBook-Air.local with PID 91479 (started by ahmetfikretcalikoglu in /Users/ahmetfikretcalikoglu/IdeaProjects/Account-Service/Account Service/task)
2023-01-23 10:01:49.507 DEBUG 91479 --- [Test worker] account.AccountServiceApplication        : Running with Spring Boot v2.5.6, Spring v5.3.12
2023-01-23 10:01:49.507  INFO 91479 --- [Test worker] account.AccountServiceApplication        : No active profile set, falling back to default profiles: default
2023-01-23 10:01:49.895  INFO 91479 --- [Test worker] .s.d.r.c.RepositoryConfigurationDelegate : Bootstrapping Spring Data JPA repositories in DEFAULT mode.
2023-01-23 10:01:49.921  INFO 91479 --- [Test worker] .s.d.r.c.RepositoryConfigurationDelegate : Finished Spring Data repository scanning in 19 ms. Found 1 JPA repository interfaces.
2023-01-23 10:01:50.189  INFO 91479 --- [Test worker] o.s.b.w.embedded.tomcat.TomcatWebServer  : Tomcat initialized with port(s): 28852 (http)
2023-01-23 10:01:50.194  INFO 91479 --- [Test worker] o.apache.catalina.core.StandardService   : Starting service [Tomcat]
2023-01-23 10:01:50.195  INFO 91479 --- [Test worker] org.apache.catalina.core.StandardEngine  : Starting Servlet engine: [Apache Tomcat/9.0.54]
2023-01-23 10:01:50.240  INFO 91479 --- [Test worker] o.a.c.c.C.[Tomcat].[localhost].[/]       : Initializing Spring embedded WebApplicationContext
2023-01-23 10:01:50.241  INFO 91479 --- [Test worker] w.s.c.ServletWebServerApplicationContext : Root WebApplicationContext: initialization completed in 717 ms
2023-01-23 10:01:50.292  INFO 91479 --- [Test worker] com.zaxxer.hikari.HikariDataSource       : HikariPool-1 - Starting...
2023-01-23 10:01:50.369  INFO 91479 --- [Test worker] com.zaxxer.hikari.HikariDataSource       : HikariPool-1 - Start completed.
2023-01-23 10:01:50.372  INFO 91479 --- [Test worker] o.s.b.a.h2.H2ConsoleAutoConfiguration    : H2 console available at '/h2-console'. Database available at 'jdbc:h2:file:../service_db'
2023-01-23 10:01:50.451  INFO 91479 --- [Test worker] o.hibernate.jpa.internal.util.LogHelper  : HHH000204: Processing PersistenceUnitInfo [name: default]
2023-01-23 10:01:50.475  INFO 91479 --- [Test worker] org.hibernate.Version                    : HHH000412: Hibernate ORM core version 5.4.32.Final
2023-01-23 10:01:50.542  INFO 91479 --- [Test worker] o.hibernate.annotations.common.Version   : HCANN000001: Hibernate Commons Annotations {5.1.2.Final}
2023-01-23 10:01:50.590  INFO 91479 --- [Test worker] org.hibernate.dialect.Dialect            : HHH000400: Using dialect: org.hibernate.dialect.H2Dialect
2023-01-23 10:01:50.874  INFO 91479 --- [Test worker] o.h.e.t.j.p.i.JtaPlatformInitiator       : HHH000490: Using JtaPlatform implementation: [org.hibernate.engine.transaction.jta.platform.internal.NoJtaPlatform]
2023-01-23 10:01:50.878  INFO 91479 --- [Test worker] j.LocalContainerEntityManagerFactoryBean : Initialized JPA EntityManagerFactory for persistence unit 'default'
2023-01-23 10:01:51.066  INFO 91479 --- [Test worker] o.s.s.web.DefaultSecurityFilterChain     : Will secure any request with [org.springframework.security.web.context.request.async.WebAsyncManagerIntegrationFilter@3c5cb013, org.springframework.security.web.context.SecurityContextPersistenceFilter@27422187, org.springframework.security.web.header.HeaderWriterFilter@7dd847a2, org.springframework.security.web.authentication.logout.LogoutFilter@5b1cedfd, org.springframework.security.web.authentication.www.BasicAuthenticationFilter@3e3a07ab, org.springframework.security.web.savedrequest.RequestCacheAwareFilter@1ee126de, org.springframework.security.web.servletapi.SecurityContextHolderAwareRequestFilter@5c6be812, org.springframework.security.web.authentication.AnonymousAuthenticationFilter@5f69462f, org.springframework.security.web.session.SessionManagementFilter@24890021, org.springframework.security.web.access.ExceptionTranslationFilter@2c7607e5, org.springframework.security.web.access.intercept.AuthorizationFilter@1529d534]
2023-01-23 10:01:51.083  WARN 91479 --- [Test worker] JpaBaseConfiguration$JpaWebConfiguration : spring.jpa.open-in-view is enabled by default. Therefore, database queries may be performed during view rendering. Explicitly configure spring.jpa.open-in-view to disable this warning
2023-01-23 10:01:51.311  INFO 91479 --- [Test worker] o.s.s.web.DefaultSecurityFilterChain     : Will secure Ant [pattern='/api/auth/signup'] with []
2023-01-23 10:01:51.311  INFO 91479 --- [Test worker] o.s.s.web.DefaultSecurityFilterChain     : Will secure Ant [pattern='/actuator/shutdown'] with []
2023-01-23 10:01:51.312  INFO 91479 --- [Test worker] o.s.s.web.DefaultSecurityFilterChain     : Will secure Ant [pattern='/h2-console/*'] with []
2023-01-23 10:01:51.321  INFO 91479 --- [Test worker] o.s.b.a.e.web.EndpointLinksResolver      : Exposing 15 endpoint(s) beneath base path '/actuator'
2023-01-23 10:01:51.336  WARN 91479 --- [Test worker] ConfigServletWebServerApplicationContext : Exception encountered during context initialization - cancelling refresh attempt: org.springframework.context.ApplicationContextException: Failed to start bean 'webServerStartStop'; nested exception is org.springframework.boot.web.server.PortInUseException: Port 28852 is already in use
2023-01-23 10:01:51.338  INFO 91479 --- [Test worker] j.LocalContainerEntityManagerFactoryBean : Closing JPA EntityManagerFactory for persistence unit 'default'
2023-01-23 10:01:51.339  INFO 91479 --- [Test worker] com.zaxxer.hikari.HikariDataSource       : HikariPool-1 - Shutdown initiated...
2023-01-23 10:01:51.348  INFO 91479 --- [Test worker] com.zaxxer.hikari.HikariDataSource       : HikariPool-1 - Shutdown completed.
2023-01-23 10:01:51.349  INFO 91479 --- [Test worker] o.apache.catalina.core.StandardService   : Stopping service [Tomcat]
2023-01-23 10:01:51.359  INFO 91479 --- [Test worker] ConditionEvaluationReportLoggingListener : 

Error starting ApplicationContext. To display the conditions report re-run your application with 'debug' enabled.
2023-01-23 10:01:51.366 ERROR 91479 --- [Test worker] o.s.b.d.LoggingFailureAnalysisReporter   : 

***************************
APPLICATION FAILED TO START
***************************

Description:

Web server failed to start. Port 28852 was already in use.

Action:

Identify and stop the process that's listening on port 28852 or configure this application to listen on another port.

2023-01-23 10:02:20.736  INFO 91524 --- [Test worker] account.AccountServiceApplication        : Starting AccountServiceApplication using Java 17.0.4.1 on Ahmets-MacBook-Air.local with PID 91524 (started by ahmetfikretcalikoglu in /Users/ahmetfikretcalikoglu/IdeaProjects/Account-Service/Account Service/task)
2023-01-23 10:02:20.738 DEBUG 91524 --- [Test worker] account.AccountServiceApplication        : Running with Spring Boot v2.5.6, Spring v5.3.12
2023-01-23 10:02:20.738  INFO 91524 --- [Test worker] account.AccountServiceApplication        : No active profile set, falling back to default profiles: default
2023-01-23 10:02:21.135  INFO 91524 --- [Test worker] .s.d.r.c.RepositoryConfigurationDelegate : Bootstrapping Spring Data JPA repositories in DEFAULT mode.
2023-01-23 10:02:21.161  INFO 91524 --- [Test worker] .s.d.r.c.RepositoryConfigurationDelegate : Finished Spring Data repository scanning in 22 ms. Found 1 JPA repository interfaces.
2023-01-23 10:02:21.434  INFO 91524 --- [Test worker] o.s.b.w.embedded.tomcat.TomcatWebServer  : Tomcat initialized with port(s): 28852 (http)
2023-01-23 10:02:21.439  INFO 91524 --- [Test worker] o.apache.catalina.core.StandardService   : Starting service [Tomcat]
2023-01-23 10:02:21.440  INFO 91524 --- [Test worker] org.apache.catalina.core.StandardEngine  : Starting Servlet engine: [Apache Tomcat/9.0.54]
2023-01-23 10:02:21.485  INFO 91524 --- [Test worker] o.a.c.c.C.[Tomcat].[localhost].[/]       : Initializing Spring embedded WebApplicationContext
2023-01-23 10:02:21.485  INFO 91524 --- [Test worker] w.s.c.ServletWebServerApplicationContext : Root WebApplicationContext: initialization completed in 730 ms
2023-01-23 10:02:21.536  INFO 91524 --- [Test worker] com.zaxxer.hikari.HikariDataSource       : HikariPool-1 - Starting...
2023-01-23 10:02:21.618  INFO 91524 --- [Test worker] com.zaxxer.hikari.HikariDataSource       : HikariPool-1 - Start completed.
2023-01-23 10:02:21.621  INFO 91524 --- [Test worker] o.s.b.a.h2.H2ConsoleAutoConfiguration    : H2 console available at '/h2-console'. Database available at 'jdbc:h2:file:../service_db'
2023-01-23 10:02:21.687  INFO 91524 --- [Test worker] o.hibernate.jpa.internal.util.LogHelper  : HHH000204: Processing PersistenceUnitInfo [name: default]
2023-01-23 10:02:21.712  INFO 91524 --- [Test worker] org.hibernate.Version                    : HHH000412: Hibernate ORM core version 5.4.32.Final
2023-01-23 10:02:21.778  INFO 91524 --- [Test worker] o.hibernate.annotations.common.Version   : HCANN000001: Hibernate Commons Annotations {5.1.2.Final}
2023-01-23 10:02:21.829  INFO 91524 --- [Test worker] org.hibernate.dialect.Dialect            : HHH000400: Using dialect: org.hibernate.dialect.H2Dialect
2023-01-23 10:02:22.125  INFO 91524 --- [Test worker] o.h.e.t.j.p.i.JtaPlatformInitiator       : HHH000490: Using JtaPlatform implementation: [org.hibernate.engine.transaction.jta.platform.internal.NoJtaPlatform]
2023-01-23 10:02:22.129  INFO 91524 --- [Test worker] j.LocalContainerEntityManagerFactoryBean : Initialized JPA EntityManagerFactory for persistence unit 'default'
2023-01-23 10:02:22.326  INFO 91524 --- [Test worker] o.s.s.web.DefaultSecurityFilterChain     : Will secure any request with [org.springframework.security.web.context.request.async.WebAsyncManagerIntegrationFilter@3f3a529f, org.springframework.security.web.context.SecurityContextPersistenceFilter@6b60d99c, org.springframework.security.web.header.HeaderWriterFilter@16279a5d, org.springframework.security.web.authentication.logout.LogoutFilter@71e9640, org.springframework.security.web.authentication.www.BasicAuthenticationFilter@74ed3be4, org.springframework.security.web.savedrequest.RequestCacheAwareFilter@33997e07, org.springframework.security.web.servletapi.SecurityContextHolderAwareRequestFilter@71c69628, org.springframework.security.web.authentication.AnonymousAuthenticationFilter@ce8b59e, org.springframework.security.web.session.SessionManagementFilter@75b25ec3, org.springframework.security.web.access.ExceptionTranslationFilter@677274e7, org.springframework.security.web.access.intercept.AuthorizationFilter@267e0ca0]
2023-01-23 10:02:22.349  WARN 91524 --- [Test worker] JpaBaseConfiguration$JpaWebConfiguration : spring.jpa.open-in-view is enabled by default. Therefore, database queries may be performed during view rendering. Explicitly configure spring.jpa.open-in-view to disable this warning
2023-01-23 10:02:22.569  INFO 91524 --- [Test worker] o.s.s.web.DefaultSecurityFilterChain     : Will secure Ant [pattern='/api/auth/signup'] with []
2023-01-23 10:02:22.569  INFO 91524 --- [Test worker] o.s.s.web.DefaultSecurityFilterChain     : Will secure Ant [pattern='/actuator/shutdown'] with []
2023-01-23 10:02:22.569  INFO 91524 --- [Test worker] o.s.s.web.DefaultSecurityFilterChain     : Will secure Ant [pattern='/h2-console/*'] with []
2023-01-23 10:02:22.579  INFO 91524 --- [Test worker] o.s.b.a.e.web.EndpointLinksResolver      : Exposing 15 endpoint(s) beneath base path '/actuator'
2023-01-23 10:02:22.597  INFO 91524 --- [Test worker] o.s.b.w.embedded.tomcat.TomcatWebServer  : Tomcat started on port(s): 28852 (http) with context path ''
2023-01-23 10:02:22.606  INFO 91524 --- [Test worker] account.AccountServiceApplication        : Started AccountServiceApplication in 2.036 seconds (JVM running for 2.459)
2023-01-23 10:02:22.777  INFO 91524 --- [http-nio-28852-exec-1] o.a.c.c.C.[Tomcat].[localhost].[/]       : Initializing Spring DispatcherServlet 'dispatcherServlet'
2023-01-23 10:02:22.777  INFO 91524 --- [http-nio-28852-exec-1] o.s.web.servlet.DispatcherServlet        : Initializing Servlet 'dispatcherServlet'
2023-01-23 10:02:22.778  INFO 91524 --- [http-nio-28852-exec-1] o.s.web.servlet.DispatcherServlet        : Completed initialization in 1 ms
2023-01-23 10:02:23.017 DEBUG 91524 --- [http-nio-28852-exec-2] a.controller.AuthenticationController    : POST /api/auth/signup userUser exist! johndoe@acme.com
2023-01-23 10:02:23.031 DEBUG 91524 --- [http-nio-28852-exec-3] a.controller.AuthenticationController    : POST /api/auth/signup userUser exist! johndoe@acme.com
2023-01-23 10:02:23.036 DEBUG 91524 --- [http-nio-28852-exec-4] a.controller.AuthenticationController    : POST /api/auth/signup userUser exist! johndoe@acme.com
2023-01-23 10:02:23.041 DEBUG 91524 --- [http-nio-28852-exec-5] a.controller.AuthenticationController    : POST /api/auth/signup userUser exist! johndoe@acme.com
2023-01-23 10:02:23.129 DEBUG 91524 --- [http-nio-28852-exec-7] a.controller.AuthenticationController    : POST /api/auth/signup userUser exist! maxmustermann@acme.com
2023-01-23 10:02:23.134 DEBUG 91524 --- [http-nio-28852-exec-8] a.controller.AuthenticationController    : POST /api/auth/signup userUser exist! maxmustermann@acme.com
2023-01-23 10:02:23.139 DEBUG 91524 --- [http-nio-28852-exec-9] a.controller.AuthenticationController    : POST /api/auth/signup userUser exist! maxmustermann@acme.com
2023-01-23 10:02:23.150  WARN 91524 --- [http-nio-28852-exec-10] .w.s.m.s.DefaultHandlerExceptionResolver : Resolved [org.springframework.web.bind.MethodArgumentNotValidException: Validation failed for argument [0] in public org.springframework.http.ResponseEntity account.controller.AuthenticationController.signupEndpoint(account.entity.UserInfo): [Field error in object 'userInfo' on field 'name': rejected value []; codes [NotEmpty.userInfo.name,NotEmpty.name,NotEmpty.java.lang.String,NotEmpty]; arguments [org.springframework.context.support.DefaultMessageSourceResolvable: codes [userInfo.name,name]; arguments []; default message [name]]; default message [must not be empty]] ]
2023-01-23 10:02:23.163  WARN 91524 --- [http-nio-28852-exec-1] .w.s.m.s.DefaultHandlerExceptionResolver : Resolved [org.springframework.web.bind.MethodArgumentNotValidException: Validation failed for argument [0] in public org.springframework.http.ResponseEntity account.controller.AuthenticationController.signupEndpoint(account.entity.UserInfo): [Field error in object 'userInfo' on field 'name': rejected value [null]; codes [NotEmpty.userInfo.name,NotEmpty.name,NotEmpty.java.lang.String,NotEmpty]; arguments [org.springframework.context.support.DefaultMessageSourceResolvable: codes [userInfo.name,name]; arguments []; default message [name]]; default message [must not be empty]] ]
2023-01-23 10:02:23.169  WARN 91524 --- [http-nio-28852-exec-2] .w.s.m.s.DefaultHandlerExceptionResolver : Resolved [org.springframework.web.bind.MethodArgumentNotValidException: Validation failed for argument [0] in public org.springframework.http.ResponseEntity account.controller.AuthenticationController.signupEndpoint(account.entity.UserInfo): [Field error in object 'userInfo' on field 'lastname': rejected value []; codes [NotEmpty.userInfo.lastname,NotEmpty.lastname,NotEmpty.java.lang.String,NotEmpty]; arguments [org.springframework.context.support.DefaultMessageSourceResolvable: codes [userInfo.lastname,lastname]; arguments []; default message [lastname]]; default message [must not be empty]] ]
2023-01-23 10:02:23.174  WARN 91524 --- [http-nio-28852-exec-3] .w.s.m.s.DefaultHandlerExceptionResolver : Resolved [org.springframework.web.bind.MethodArgumentNotValidException: Validation failed for argument [0] in public org.springframework.http.ResponseEntity account.controller.AuthenticationController.signupEndpoint(account.entity.UserInfo): [Field error in object 'userInfo' on field 'lastname': rejected value [null]; codes [NotEmpty.userInfo.lastname,NotEmpty.lastname,NotEmpty.java.lang.String,NotEmpty]; arguments [org.springframework.context.support.DefaultMessageSourceResolvable: codes [userInfo.lastname,lastname]; arguments []; default message [lastname]]; default message [must not be empty]] ]
2023-01-23 10:02:23.180  WARN 91524 --- [http-nio-28852-exec-4] .w.s.m.s.DefaultHandlerExceptionResolver : Resolved [org.springframework.web.bind.MethodArgumentNotValidException: Validation failed for argument [0] in public org.springframework.http.ResponseEntity account.controller.AuthenticationController.signupEndpoint(account.entity.UserInfo) with 2 errors: [Field error in object 'userInfo' on field 'email': rejected value []; codes [NotEmpty.userInfo.email,NotEmpty.email,NotEmpty.java.lang.String,NotEmpty]; arguments [org.springframework.context.support.DefaultMessageSourceResolvable: codes [userInfo.email,email]; arguments []; default message [email]]; default message [must not be empty]] [Field error in object 'userInfo' on field 'email': rejected value []; codes [Pattern.userInfo.email,Pattern.email,Pattern.java.lang.String,Pattern]; arguments [org.springframework.context.support.DefaultMessageSourceResolvable: codes [userInfo.email,email]; arguments []; default message [email],[Ljavax.validation.constraints.Pattern$Flag;@6eca0e1,^[a-zA-Z0-9_!#$%&'*+/=?`{|}~^.-]+@acme.com]; default message [must match "^[a-zA-Z0-9_!#$%&'*+/=?`{|}~^.-]+@acme.com"]] ]
2023-01-23 10:02:23.185  WARN 91524 --- [http-nio-28852-exec-5] .w.s.m.s.DefaultHandlerExceptionResolver : Resolved [org.springframework.web.bind.MethodArgumentNotValidException: Validation failed for argument [0] in public org.springframework.http.ResponseEntity account.controller.AuthenticationController.signupEndpoint(account.entity.UserInfo): [Field error in object 'userInfo' on field 'lastname': rejected value [null]; codes [NotEmpty.userInfo.lastname,NotEmpty.lastname,NotEmpty.java.lang.String,NotEmpty]; arguments [org.springframework.context.support.DefaultMessageSourceResolvable: codes [userInfo.lastname,lastname]; arguments []; default message [lastname]]; default message [must not be empty]] ]
2023-01-23 10:02:23.190  WARN 91524 --- [http-nio-28852-exec-6] .w.s.m.s.DefaultHandlerExceptionResolver : Resolved [org.springframework.web.bind.MethodArgumentNotValidException: Validation failed for argument [0] in public org.springframework.http.ResponseEntity account.controller.AuthenticationController.signupEndpoint(account.entity.UserInfo): [Field error in object 'userInfo' on field 'password': rejected value []; codes [NotEmpty.userInfo.password,NotEmpty.password,NotEmpty.java.lang.String,NotEmpty]; arguments [org.springframework.context.support.DefaultMessageSourceResolvable: codes [userInfo.password,password]; arguments []; default message [password]]; default message [must not be empty]] ]
2023-01-23 10:02:23.198  WARN 91524 --- [http-nio-28852-exec-7] .w.s.m.s.DefaultHandlerExceptionResolver : Resolved [org.springframework.web.bind.MethodArgumentNotValidException: Validation failed for argument [0] in public org.springframework.http.ResponseEntity account.controller.AuthenticationController.signupEndpoint(account.entity.UserInfo): [Field error in object 'userInfo' on field 'password': rejected value [null]; codes [NotEmpty.userInfo.password,NotEmpty.password,NotEmpty.java.lang.String,NotEmpty]; arguments [org.springframework.context.support.DefaultMessageSourceResolvable: codes [userInfo.password,password]; arguments []; default message [password]]; default message [must not be empty]] ]
2023-01-23 10:02:23.204  WARN 91524 --- [http-nio-28852-exec-9] .w.s.m.s.DefaultHandlerExceptionResolver : Resolved [org.springframework.web.bind.MethodArgumentNotValidException: Validation failed for argument [0] in public org.springframework.http.ResponseEntity account.controller.AuthenticationController.signupEndpoint(account.entity.UserInfo) with 2 errors: [Field error in object 'userInfo' on field 'email': rejected value [johndoeacme.com]; codes [Email.userInfo.email,Email.email,Email.java.lang.String,Email]; arguments [org.springframework.context.support.DefaultMessageSourceResolvable: codes [userInfo.email,email]; arguments []; default message [email],[Ljavax.validation.constraints.Pattern$Flag;@17c28849,.*]; default message [must be a well-formed email address]] [Field error in object 'userInfo' on field 'email': rejected value [johndoeacme.com]; codes [Pattern.userInfo.email,Pattern.email,Pattern.java.lang.String,Pattern]; arguments [org.springframework.context.support.DefaultMessageSourceResolvable: codes [userInfo.email,email]; arguments []; default message [email],[Ljavax.validation.constraints.Pattern$Flag;@6eca0e1,^[a-zA-Z0-9_!#$%&'*+/=?`{|}~^.-]+@acme.com]; default message [must match "^[a-zA-Z0-9_!#$%&'*+/=?`{|}~^.-]+@acme.com"]] ]
2023-01-23 10:02:23.210  WARN 91524 --- [http-nio-28852-exec-10] .w.s.m.s.DefaultHandlerExceptionResolver : Resolved [org.springframework.web.bind.MethodArgumentNotValidException: Validation failed for argument [0] in public org.springframework.http.ResponseEntity account.controller.AuthenticationController.signupEndpoint(account.entity.UserInfo): [Field error in object 'userInfo' on field 'email': rejected value [johndoe@google.com]; codes [Pattern.userInfo.email,Pattern.email,Pattern.java.lang.String,Pattern]; arguments [org.springframework.context.support.DefaultMessageSourceResolvable: codes [userInfo.email,email]; arguments []; default message [email],[Ljavax.validation.constraints.Pattern$Flag;@6eca0e1,^[a-zA-Z0-9_!#$%&'*+/=?`{|}~^.-]+@acme.com]; default message [must match "^[a-zA-Z0-9_!#$%&'*+/=?`{|}~^.-]+@acme.com"]] ]
2023-01-23 10:02:23.430  INFO 91524 --- [SpringApplicationShutdownHook] j.LocalContainerEntityManagerFactoryBean : Closing JPA EntityManagerFactory for persistence unit 'default'
2023-01-23 10:02:23.432  INFO 91524 --- [SpringApplicationShutdownHook] com.zaxxer.hikari.HikariDataSource       : HikariPool-1 - Shutdown initiated...
2023-01-23 10:02:23.433  INFO 91524 --- [SpringApplicationShutdownHook] com.zaxxer.hikari.HikariDataSource       : HikariPool-1 - Shutdown completed.
2023-01-23 10:08:44.155  INFO 91992 --- [Test worker] account.AccountServiceApplication        : Starting AccountServiceApplication using Java 17.0.4.1 on Ahmets-MacBook-Air.local with PID 91992 (started by ahmetfikretcalikoglu in /Users/ahmetfikretcalikoglu/IdeaProjects/Account-Service/Account Service/task)
2023-01-23 10:08:44.157 DEBUG 91992 --- [Test worker] account.AccountServiceApplication        : Running with Spring Boot v2.5.6, Spring v5.3.12
2023-01-23 10:08:44.157  INFO 91992 --- [Test worker] account.AccountServiceApplication        : No active profile set, falling back to default profiles: default
2023-01-23 10:08:44.561  INFO 91992 --- [Test worker] .s.d.r.c.RepositoryConfigurationDelegate : Bootstrapping Spring Data JPA repositories in DEFAULT mode.
2023-01-23 10:08:44.587  INFO 91992 --- [Test worker] .s.d.r.c.RepositoryConfigurationDelegate : Finished Spring Data repository scanning in 19 ms. Found 1 JPA repository interfaces.
2023-01-23 10:08:44.854  INFO 91992 --- [Test worker] o.s.b.w.embedded.tomcat.TomcatWebServer  : Tomcat initialized with port(s): 28852 (http)
2023-01-23 10:08:44.859  INFO 91992 --- [Test worker] o.apache.catalina.core.StandardService   : Starting service [Tomcat]
2023-01-23 10:08:44.859  INFO 91992 --- [Test worker] org.apache.catalina.core.StandardEngine  : Starting Servlet engine: [Apache Tomcat/9.0.54]
2023-01-23 10:08:44.903  INFO 91992 --- [Test worker] o.a.c.c.C.[Tomcat].[localhost].[/]       : Initializing Spring embedded WebApplicationContext
2023-01-23 10:08:44.903  INFO 91992 --- [Test worker] w.s.c.ServletWebServerApplicationContext : Root WebApplicationContext: initialization completed in 729 ms
2023-01-23 10:08:44.957  INFO 91992 --- [Test worker] com.zaxxer.hikari.HikariDataSource       : HikariPool-1 - Starting...
2023-01-23 10:08:45.043  INFO 91992 --- [Test worker] com.zaxxer.hikari.HikariDataSource       : HikariPool-1 - Start completed.
2023-01-23 10:08:45.046  INFO 91992 --- [Test worker] o.s.b.a.h2.H2ConsoleAutoConfiguration    : H2 console available at '/h2-console'. Database available at 'jdbc:h2:file:../service_db'
2023-01-23 10:08:45.113  INFO 91992 --- [Test worker] o.hibernate.jpa.internal.util.LogHelper  : HHH000204: Processing PersistenceUnitInfo [name: default]
2023-01-23 10:08:45.139  INFO 91992 --- [Test worker] org.hibernate.Version                    : HHH000412: Hibernate ORM core version 5.4.32.Final
2023-01-23 10:08:45.207  INFO 91992 --- [Test worker] o.hibernate.annotations.common.Version   : HCANN000001: Hibernate Commons Annotations {5.1.2.Final}
2023-01-23 10:08:45.259  INFO 91992 --- [Test worker] org.hibernate.dialect.Dialect            : HHH000400: Using dialect: org.hibernate.dialect.H2Dialect
2023-01-23 10:08:45.547  INFO 91992 --- [Test worker] o.h.e.t.j.p.i.JtaPlatformInitiator       : HHH000490: Using JtaPlatform implementation: [org.hibernate.engine.transaction.jta.platform.internal.NoJtaPlatform]
2023-01-23 10:08:45.551  INFO 91992 --- [Test worker] j.LocalContainerEntityManagerFactoryBean : Initialized JPA EntityManagerFactory for persistence unit 'default'
2023-01-23 10:08:45.741  INFO 91992 --- [Test worker] o.s.s.web.DefaultSecurityFilterChain     : Will secure any request with [org.springframework.security.web.context.request.async.WebAsyncManagerIntegrationFilter@5b1cedfd, org.springframework.security.web.context.SecurityContextPersistenceFilter@54c17a2b, org.springframework.security.web.header.HeaderWriterFilter@2433bcd4, org.springframework.security.web.authentication.logout.LogoutFilter@28796d0e, org.springframework.security.web.authentication.www.BasicAuthenticationFilter@5812935, org.springframework.security.web.savedrequest.RequestCacheAwareFilter@1f7949dc, org.springframework.security.web.servletapi.SecurityContextHolderAwareRequestFilter@4b2af0eb, org.springframework.security.web.authentication.AnonymousAuthenticationFilter@1fe2c5ad, org.springframework.security.web.session.SessionManagementFilter@21251e43, org.springframework.security.web.access.ExceptionTranslationFilter@32084a01, org.springframework.security.web.access.intercept.AuthorizationFilter@208b8425]
2023-01-23 10:08:45.760  WARN 91992 --- [Test worker] JpaBaseConfiguration$JpaWebConfiguration : spring.jpa.open-in-view is enabled by default. Therefore, database queries may be performed during view rendering. Explicitly configure spring.jpa.open-in-view to disable this warning
2023-01-23 10:08:45.979  INFO 91992 --- [Test worker] o.s.s.web.DefaultSecurityFilterChain     : Will secure Ant [pattern='/api/auth/signup'] with []
2023-01-23 10:08:45.979  INFO 91992 --- [Test worker] o.s.s.web.DefaultSecurityFilterChain     : Will secure Ant [pattern='/actuator/shutdown'] with []
2023-01-23 10:08:45.979  INFO 91992 --- [Test worker] o.s.s.web.DefaultSecurityFilterChain     : Will secure Ant [pattern='/h2-console/*'] with []
2023-01-23 10:08:45.989  INFO 91992 --- [Test worker] o.s.b.a.e.web.EndpointLinksResolver      : Exposing 15 endpoint(s) beneath base path '/actuator'
2023-01-23 10:08:46.011  INFO 91992 --- [Test worker] o.s.b.w.embedded.tomcat.TomcatWebServer  : Tomcat started on port(s): 28852 (http) with context path ''
2023-01-23 10:08:46.022  INFO 91992 --- [Test worker] account.AccountServiceApplication        : Started AccountServiceApplication in 2.037 seconds (JVM running for 2.473)
2023-01-23 10:08:46.185  INFO 91992 --- [http-nio-28852-exec-1] o.a.c.c.C.[Tomcat].[localhost].[/]       : Initializing Spring DispatcherServlet 'dispatcherServlet'
2023-01-23 10:08:46.185  INFO 91992 --- [http-nio-28852-exec-1] o.s.web.servlet.DispatcherServlet        : Initializing Servlet 'dispatcherServlet'
2023-01-23 10:08:46.186  INFO 91992 --- [http-nio-28852-exec-1] o.s.web.servlet.DispatcherServlet        : Completed initialization in 1 ms
2023-01-23 10:08:46.409 DEBUG 91992 --- [http-nio-28852-exec-2] a.controller.AuthenticationController    : POST /api/auth/signup userUser exist! johndoe@acme.com
2023-01-23 10:08:46.424 DEBUG 91992 --- [http-nio-28852-exec-3] a.controller.AuthenticationController    : POST /api/auth/signup userUser exist! johndoe@acme.com
2023-01-23 10:08:46.430 DEBUG 91992 --- [http-nio-28852-exec-4] a.controller.AuthenticationController    : POST /api/auth/signup userUser exist! johndoe@acme.com
2023-01-23 10:08:46.435 DEBUG 91992 --- [http-nio-28852-exec-5] a.controller.AuthenticationController    : POST /api/auth/signup userUser exist! johndoe@acme.com
2023-01-23 10:08:46.523 DEBUG 91992 --- [http-nio-28852-exec-7] a.controller.AuthenticationController    : POST /api/auth/signup userUser exist! maxmustermann@acme.com
2023-01-23 10:08:46.528 DEBUG 91992 --- [http-nio-28852-exec-8] a.controller.AuthenticationController    : POST /api/auth/signup userUser exist! maxmustermann@acme.com
2023-01-23 10:08:46.536 DEBUG 91992 --- [http-nio-28852-exec-9] a.controller.AuthenticationController    : POST /api/auth/signup userUser exist! maxmustermann@acme.com
2023-01-23 10:08:46.549  WARN 91992 --- [http-nio-28852-exec-1] .w.s.m.s.DefaultHandlerExceptionResolver : Resolved [org.springframework.web.bind.MethodArgumentNotValidException: Validation failed for argument [0] in public org.springframework.http.ResponseEntity account.controller.AuthenticationController.signupEndpoint(account.entity.UserInfo): [Field error in object 'userInfo' on field 'name': rejected value []; codes [NotEmpty.userInfo.name,NotEmpty.name,NotEmpty.java.lang.String,NotEmpty]; arguments [org.springframework.context.support.DefaultMessageSourceResolvable: codes [userInfo.name,name]; arguments []; default message [name]]; default message [must not be empty]] ]
2023-01-23 10:08:46.561  WARN 91992 --- [http-nio-28852-exec-2] .w.s.m.s.DefaultHandlerExceptionResolver : Resolved [org.springframework.web.bind.MethodArgumentNotValidException: Validation failed for argument [0] in public org.springframework.http.ResponseEntity account.controller.AuthenticationController.signupEndpoint(account.entity.UserInfo): [Field error in object 'userInfo' on field 'name': rejected value [null]; codes [NotEmpty.userInfo.name,NotEmpty.name,NotEmpty.java.lang.String,NotEmpty]; arguments [org.springframework.context.support.DefaultMessageSourceResolvable: codes [userInfo.name,name]; arguments []; default message [name]]; default message [must not be empty]] ]
2023-01-23 10:08:46.566  WARN 91992 --- [http-nio-28852-exec-3] .w.s.m.s.DefaultHandlerExceptionResolver : Resolved [org.springframework.web.bind.MethodArgumentNotValidException: Validation failed for argument [0] in public org.springframework.http.ResponseEntity account.controller.AuthenticationController.signupEndpoint(account.entity.UserInfo): [Field error in object 'userInfo' on field 'lastname': rejected value []; codes [NotEmpty.userInfo.lastname,NotEmpty.lastname,NotEmpty.java.lang.String,NotEmpty]; arguments [org.springframework.context.support.DefaultMessageSourceResolvable: codes [userInfo.lastname,lastname]; arguments []; default message [lastname]]; default message [must not be empty]] ]
2023-01-23 10:08:46.571  WARN 91992 --- [http-nio-28852-exec-4] .w.s.m.s.DefaultHandlerExceptionResolver : Resolved [org.springframework.web.bind.MethodArgumentNotValidException: Validation failed for argument [0] in public org.springframework.http.ResponseEntity account.controller.AuthenticationController.signupEndpoint(account.entity.UserInfo): [Field error in object 'userInfo' on field 'lastname': rejected value [null]; codes [NotEmpty.userInfo.lastname,NotEmpty.lastname,NotEmpty.java.lang.String,NotEmpty]; arguments [org.springframework.context.support.DefaultMessageSourceResolvable: codes [userInfo.lastname,lastname]; arguments []; default message [lastname]]; default message [must not be empty]] ]
2023-01-23 10:08:46.577  WARN 91992 --- [http-nio-28852-exec-5] .w.s.m.s.DefaultHandlerExceptionResolver : Resolved [org.springframework.web.bind.MethodArgumentNotValidException: Validation failed for argument [0] in public org.springframework.http.ResponseEntity account.controller.AuthenticationController.signupEndpoint(account.entity.UserInfo) with 2 errors: [Field error in object 'userInfo' on field 'email': rejected value []; codes [Pattern.userInfo.email,Pattern.email,Pattern.java.lang.String,Pattern]; arguments [org.springframework.context.support.DefaultMessageSourceResolvable: codes [userInfo.email,email]; arguments []; default message [email],[Ljavax.validation.constraints.Pattern$Flag;@92b5e6e,^[a-zA-Z0-9_!#$%&'*+/=?`{|}~^.-]+@acme.com]; default message [must match "^[a-zA-Z0-9_!#$%&'*+/=?`{|}~^.-]+@acme.com"]] [Field error in object 'userInfo' on field 'email': rejected value []; codes [NotEmpty.userInfo.email,NotEmpty.email,NotEmpty.java.lang.String,NotEmpty]; arguments [org.springframework.context.support.DefaultMessageSourceResolvable: codes [userInfo.email,email]; arguments []; default message [email]]; default message [must not be empty]] ]
2023-01-23 10:08:46.582  WARN 91992 --- [http-nio-28852-exec-6] .w.s.m.s.DefaultHandlerExceptionResolver : Resolved [org.springframework.web.bind.MethodArgumentNotValidException: Validation failed for argument [0] in public org.springframework.http.ResponseEntity account.controller.AuthenticationController.signupEndpoint(account.entity.UserInfo): [Field error in object 'userInfo' on field 'lastname': rejected value [null]; codes [NotEmpty.userInfo.lastname,NotEmpty.lastname,NotEmpty.java.lang.String,NotEmpty]; arguments [org.springframework.context.support.DefaultMessageSourceResolvable: codes [userInfo.lastname,lastname]; arguments []; default message [lastname]]; default message [must not be empty]] ]
2023-01-23 10:08:46.587  WARN 91992 --- [http-nio-28852-exec-7] .w.s.m.s.DefaultHandlerExceptionResolver : Resolved [org.springframework.web.bind.MethodArgumentNotValidException: Validation failed for argument [0] in public org.springframework.http.ResponseEntity account.controller.AuthenticationController.signupEndpoint(account.entity.UserInfo): [Field error in object 'userInfo' on field 'password': rejected value []; codes [NotEmpty.userInfo.password,NotEmpty.password,NotEmpty.java.lang.String,NotEmpty]; arguments [org.springframework.context.support.DefaultMessageSourceResolvable: codes [userInfo.password,password]; arguments []; default message [password]]; default message [must not be empty]] ]
2023-01-23 10:08:46.593  WARN 91992 --- [http-nio-28852-exec-8] .w.s.m.s.DefaultHandlerExceptionResolver : Resolved [org.springframework.web.bind.MethodArgumentNotValidException: Validation failed for argument [0] in public org.springframework.http.ResponseEntity account.controller.AuthenticationController.signupEndpoint(account.entity.UserInfo): [Field error in object 'userInfo' on field 'password': rejected value [null]; codes [NotEmpty.userInfo.password,NotEmpty.password,NotEmpty.java.lang.String,NotEmpty]; arguments [org.springframework.context.support.DefaultMessageSourceResolvable: codes [userInfo.password,password]; arguments []; default message [password]]; default message [must not be empty]] ]
2023-01-23 10:08:46.598  WARN 91992 --- [http-nio-28852-exec-10] .w.s.m.s.DefaultHandlerExceptionResolver : Resolved [org.springframework.web.bind.MethodArgumentNotValidException: Validation failed for argument [0] in public org.springframework.http.ResponseEntity account.controller.AuthenticationController.signupEndpoint(account.entity.UserInfo) with 2 errors: [Field error in object 'userInfo' on field 'email': rejected value [johndoeacme.com]; codes [Pattern.userInfo.email,Pattern.email,Pattern.java.lang.String,Pattern]; arguments [org.springframework.context.support.DefaultMessageSourceResolvable: codes [userInfo.email,email]; arguments []; default message [email],[Ljavax.validation.constraints.Pattern$Flag;@92b5e6e,^[a-zA-Z0-9_!#$%&'*+/=?`{|}~^.-]+@acme.com]; default message [must match "^[a-zA-Z0-9_!#$%&'*+/=?`{|}~^.-]+@acme.com"]] [Field error in object 'userInfo' on field 'email': rejected value [johndoeacme.com]; codes [Email.userInfo.email,Email.email,Email.java.lang.String,Email]; arguments [org.springframework.context.support.DefaultMessageSourceResolvable: codes [userInfo.email,email]; arguments []; default message [email],[Ljavax.validation.constraints.Pattern$Flag;@3db1ad1a,.*]; default message [must be a well-formed email address]] ]
2023-01-23 10:08:46.602  WARN 91992 --- [http-nio-28852-exec-9] .w.s.m.s.DefaultHandlerExceptionResolver : Resolved [org.springframework.web.bind.MethodArgumentNotValidException: Validation failed for argument [0] in public org.springframework.http.ResponseEntity account.controller.AuthenticationController.signupEndpoint(account.entity.UserInfo): [Field error in object 'userInfo' on field 'email': rejected value [johndoe@google.com]; codes [Pattern.userInfo.email,Pattern.email,Pattern.java.lang.String,Pattern]; arguments [org.springframework.context.support.DefaultMessageSourceResolvable: codes [userInfo.email,email]; arguments []; default message [email],[Ljavax.validation.constraints.Pattern$Flag;@92b5e6e,^[a-zA-Z0-9_!#$%&'*+/=?`{|}~^.-]+@acme.com]; default message [must match "^[a-zA-Z0-9_!#$%&'*+/=?`{|}~^.-]+@acme.com"]] ]
2023-01-23 10:08:46.812  INFO 91992 --- [SpringApplicationShutdownHook] j.LocalContainerEntityManagerFactoryBean : Closing JPA EntityManagerFactory for persistence unit 'default'
2023-01-23 10:08:46.813  INFO 91992 --- [SpringApplicationShutdownHook] com.zaxxer.hikari.HikariDataSource       : HikariPool-1 - Shutdown initiated...
2023-01-23 10:08:46.814  INFO 91992 --- [SpringApplicationShutdownHook] com.zaxxer.hikari.HikariDataSource       : HikariPool-1 - Shutdown completed.
2023-01-23 14:20:40.460  INFO 7233 --- [Test worker] account.AccountServiceApplication        : Starting AccountServiceApplication using Java 17.0.4.1 on Ahmets-MacBook-Air.local with PID 7233 (started by ahmetfikretcalikoglu in /Users/ahmetfikretcalikoglu/IdeaProjects/Account-Service/Account Service/task)
2023-01-23 14:20:40.462 DEBUG 7233 --- [Test worker] account.AccountServiceApplication        : Running with Spring Boot v2.5.6, Spring v5.3.12
2023-01-23 14:20:40.462  INFO 7233 --- [Test worker] account.AccountServiceApplication        : No active profile set, falling back to default profiles: default
2023-01-23 14:20:40.866  INFO 7233 --- [Test worker] .s.d.r.c.RepositoryConfigurationDelegate : Bootstrapping Spring Data JPA repositories in DEFAULT mode.
2023-01-23 14:20:40.894  INFO 7233 --- [Test worker] .s.d.r.c.RepositoryConfigurationDelegate : Finished Spring Data repository scanning in 20 ms. Found 1 JPA repository interfaces.
2023-01-23 14:20:41.178  INFO 7233 --- [Test worker] o.s.b.w.embedded.tomcat.TomcatWebServer  : Tomcat initialized with port(s): 28852 (http)
2023-01-23 14:20:41.183  INFO 7233 --- [Test worker] o.apache.catalina.core.StandardService   : Starting service [Tomcat]
2023-01-23 14:20:41.184  INFO 7233 --- [Test worker] org.apache.catalina.core.StandardEngine  : Starting Servlet engine: [Apache Tomcat/9.0.54]
2023-01-23 14:20:41.229  INFO 7233 --- [Test worker] o.a.c.c.C.[Tomcat].[localhost].[/]       : Initializing Spring embedded WebApplicationContext
2023-01-23 14:20:41.229  INFO 7233 --- [Test worker] w.s.c.ServletWebServerApplicationContext : Root WebApplicationContext: initialization completed in 750 ms
2023-01-23 14:20:41.282  INFO 7233 --- [Test worker] com.zaxxer.hikari.HikariDataSource       : HikariPool-1 - Starting...
2023-01-23 14:20:41.367  INFO 7233 --- [Test worker] com.zaxxer.hikari.HikariDataSource       : HikariPool-1 - Start completed.
2023-01-23 14:20:41.370  INFO 7233 --- [Test worker] o.s.b.a.h2.H2ConsoleAutoConfiguration    : H2 console available at '/h2-console'. Database available at 'jdbc:h2:file:../service_db'
2023-01-23 14:20:41.437  INFO 7233 --- [Test worker] o.hibernate.jpa.internal.util.LogHelper  : HHH000204: Processing PersistenceUnitInfo [name: default]
2023-01-23 14:20:41.464  INFO 7233 --- [Test worker] org.hibernate.Version                    : HHH000412: Hibernate ORM core version 5.4.32.Final
2023-01-23 14:20:41.534  INFO 7233 --- [Test worker] o.hibernate.annotations.common.Version   : HCANN000001: Hibernate Commons Annotations {5.1.2.Final}
2023-01-23 14:20:41.582  INFO 7233 --- [Test worker] org.hibernate.dialect.Dialect            : HHH000400: Using dialect: org.hibernate.dialect.H2Dialect
2023-01-23 14:20:41.871  INFO 7233 --- [Test worker] o.h.e.t.j.p.i.JtaPlatformInitiator       : HHH000490: Using JtaPlatform implementation: [org.hibernate.engine.transaction.jta.platform.internal.NoJtaPlatform]
2023-01-23 14:20:41.876  INFO 7233 --- [Test worker] j.LocalContainerEntityManagerFactoryBean : Initialized JPA EntityManagerFactory for persistence unit 'default'
2023-01-23 14:20:42.070  INFO 7233 --- [Test worker] o.s.s.web.DefaultSecurityFilterChain     : Will secure any request with [org.springframework.security.web.context.request.async.WebAsyncManagerIntegrationFilter@6334c0d8, org.springframework.security.web.context.SecurityContextPersistenceFilter@1f7949dc, org.springframework.security.web.header.HeaderWriterFilter@5f1a3c4, org.springframework.security.web.authentication.logout.LogoutFilter@3fed0c04, org.springframework.security.web.authentication.www.BasicAuthenticationFilter@1ce45e18, org.springframework.security.web.savedrequest.RequestCacheAwareFilter@3497ecea, org.springframework.security.web.servletapi.SecurityContextHolderAwareRequestFilter@6d387e9b, org.springframework.security.web.authentication.AnonymousAuthenticationFilter@74ed3be4, org.springframework.security.web.session.SessionManagementFilter@54c17a2b, org.springframework.security.web.access.ExceptionTranslationFilter@2433bcd4, org.springframework.security.web.access.intercept.AuthorizationFilter@5b1cedfd]
2023-01-23 14:20:42.093  WARN 7233 --- [Test worker] JpaBaseConfiguration$JpaWebConfiguration : spring.jpa.open-in-view is enabled by default. Therefore, database queries may be performed during view rendering. Explicitly configure spring.jpa.open-in-view to disable this warning
2023-01-23 14:20:42.317  INFO 7233 --- [Test worker] o.s.s.web.DefaultSecurityFilterChain     : Will secure Ant [pattern='/api/auth/signup'] with []
2023-01-23 14:20:42.317  INFO 7233 --- [Test worker] o.s.s.web.DefaultSecurityFilterChain     : Will secure Ant [pattern='/actuator/shutdown'] with []
2023-01-23 14:20:42.317  INFO 7233 --- [Test worker] o.s.s.web.DefaultSecurityFilterChain     : Will secure Ant [pattern='/h2-console/*'] with []
2023-01-23 14:20:42.327  INFO 7233 --- [Test worker] o.s.b.a.e.web.EndpointLinksResolver      : Exposing 15 endpoint(s) beneath base path '/actuator'
2023-01-23 14:20:42.346  INFO 7233 --- [Test worker] o.s.b.w.embedded.tomcat.TomcatWebServer  : Tomcat started on port(s): 28852 (http) with context path ''
2023-01-23 14:20:42.354  INFO 7233 --- [Test worker] account.AccountServiceApplication        : Started AccountServiceApplication in 2.076 seconds (JVM running for 2.549)
2023-01-23 14:20:42.531  INFO 7233 --- [http-nio-28852-exec-1] o.a.c.c.C.[Tomcat].[localhost].[/]       : Initializing Spring DispatcherServlet 'dispatcherServlet'
2023-01-23 14:20:42.531  INFO 7233 --- [http-nio-28852-exec-1] o.s.web.servlet.DispatcherServlet        : Initializing Servlet 'dispatcherServlet'
2023-01-23 14:20:42.532  INFO 7233 --- [http-nio-28852-exec-1] o.s.web.servlet.DispatcherServlet        : Completed initialization in 1 ms
2023-01-23 14:20:42.738 DEBUG 7233 --- [http-nio-28852-exec-1] a.controller.AuthenticationController    : POST /api/auth/signup user2 /Id: 1 name: John lastname: Doe email: johndoe@acme.com username: johndoe@acme.com password: $2a$10$4a08mAl8DoOzFQ6ir4CLUOenLr4zUGjX0gToLqWOTRKjETUchcsT6
2023-01-23 14:20:42.757 DEBUG 7233 --- [http-nio-28852-exec-2] a.controller.AuthenticationController    : POST /api/auth/signup user1 User exist! johndoe@acme.com
2023-01-23 14:20:42.769 DEBUG 7233 --- [http-nio-28852-exec-3] a.controller.AuthenticationController    : POST /api/auth/signup user1 User exist! johndoe@acme.com
2023-01-23 14:20:42.775 DEBUG 7233 --- [http-nio-28852-exec-4] a.controller.AuthenticationController    : POST /api/auth/signup user1 User exist! johndoe@acme.com
2023-01-23 14:20:42.781 DEBUG 7233 --- [http-nio-28852-exec-5] a.controller.AuthenticationController    : POST /api/auth/signup user1 User exist! johndoe@acme.com
2023-01-23 14:20:42.863 DEBUG 7233 --- [http-nio-28852-exec-6] a.controller.AuthenticationController    : POST /api/auth/signup user2 /Id: 2 name: Max lastname: Mustermann email: maxmustermann@acme.com username: maxmustermann@acme.com password: $2a$10$OEO9GE43tU8MrRhwFfhgbuZJ0GpCQw5dMxagFdk3.f/NI9far43cO
2023-01-23 14:20:42.869 DEBUG 7233 --- [http-nio-28852-exec-7] a.controller.AuthenticationController    : POST /api/auth/signup user1 User exist! maxmustermann@acme.com
2023-01-23 14:20:42.874 DEBUG 7233 --- [http-nio-28852-exec-8] a.controller.AuthenticationController    : POST /api/auth/signup user1 User exist! maxmustermann@acme.com
2023-01-23 14:20:42.879 DEBUG 7233 --- [http-nio-28852-exec-9] a.controller.AuthenticationController    : POST /api/auth/signup user1 User exist! maxmustermann@acme.com
2023-01-23 14:20:42.893  WARN 7233 --- [http-nio-28852-exec-10] .w.s.m.s.DefaultHandlerExceptionResolver : Resolved [org.springframework.web.bind.MethodArgumentNotValidException: Validation failed for argument [0] in public org.springframework.http.ResponseEntity account.controller.AuthenticationController.signupEndpoint(account.entity.UserInfo): [Field error in object 'userInfo' on field 'name': rejected value []; codes [NotEmpty.userInfo.name,NotEmpty.name,NotEmpty.java.lang.String,NotEmpty]; arguments [org.springframework.context.support.DefaultMessageSourceResolvable: codes [userInfo.name,name]; arguments []; default message [name]]; default message [must not be empty]] ]
2023-01-23 14:20:42.906  WARN 7233 --- [http-nio-28852-exec-1] .w.s.m.s.DefaultHandlerExceptionResolver : Resolved [org.springframework.web.bind.MethodArgumentNotValidException: Validation failed for argument [0] in public org.springframework.http.ResponseEntity account.controller.AuthenticationController.signupEndpoint(account.entity.UserInfo): [Field error in object 'userInfo' on field 'name': rejected value [null]; codes [NotEmpty.userInfo.name,NotEmpty.name,NotEmpty.java.lang.String,NotEmpty]; arguments [org.springframework.context.support.DefaultMessageSourceResolvable: codes [userInfo.name,name]; arguments []; default message [name]]; default message [must not be empty]] ]
2023-01-23 14:20:42.911  WARN 7233 --- [http-nio-28852-exec-2] .w.s.m.s.DefaultHandlerExceptionResolver : Resolved [org.springframework.web.bind.MethodArgumentNotValidException: Validation failed for argument [0] in public org.springframework.http.ResponseEntity account.controller.AuthenticationController.signupEndpoint(account.entity.UserInfo): [Field error in object 'userInfo' on field 'lastname': rejected value []; codes [NotEmpty.userInfo.lastname,NotEmpty.lastname,NotEmpty.java.lang.String,NotEmpty]; arguments [org.springframework.context.support.DefaultMessageSourceResolvable: codes [userInfo.lastname,lastname]; arguments []; default message [lastname]]; default message [must not be empty]] ]
2023-01-23 14:20:42.916  WARN 7233 --- [http-nio-28852-exec-3] .w.s.m.s.DefaultHandlerExceptionResolver : Resolved [org.springframework.web.bind.MethodArgumentNotValidException: Validation failed for argument [0] in public org.springframework.http.ResponseEntity account.controller.AuthenticationController.signupEndpoint(account.entity.UserInfo): [Field error in object 'userInfo' on field 'lastname': rejected value [null]; codes [NotEmpty.userInfo.lastname,NotEmpty.lastname,NotEmpty.java.lang.String,NotEmpty]; arguments [org.springframework.context.support.DefaultMessageSourceResolvable: codes [userInfo.lastname,lastname]; arguments []; default message [lastname]]; default message [must not be empty]] ]
2023-01-23 14:20:42.923  WARN 7233 --- [http-nio-28852-exec-4] .w.s.m.s.DefaultHandlerExceptionResolver : Resolved [org.springframework.web.bind.MethodArgumentNotValidException: Validation failed for argument [0] in public org.springframework.http.ResponseEntity account.controller.AuthenticationController.signupEndpoint(account.entity.UserInfo) with 2 errors: [Field error in object 'userInfo' on field 'email': rejected value []; codes [NotEmpty.userInfo.email,NotEmpty.email,NotEmpty.java.lang.String,NotEmpty]; arguments [org.springframework.context.support.DefaultMessageSourceResolvable: codes [userInfo.email,email]; arguments []; default message [email]]; default message [must not be empty]] [Field error in object 'userInfo' on field 'email': rejected value []; codes [Pattern.userInfo.email,Pattern.email,Pattern.java.lang.String,Pattern]; arguments [org.springframework.context.support.DefaultMessageSourceResolvable: codes [userInfo.email,email]; arguments []; default message [email],[Ljavax.validation.constraints.Pattern$Flag;@4431efbb,^[a-zA-Z0-9_!#$%&'*+/=?`{|}~^.-]+@acme.com]; default message [must match "^[a-zA-Z0-9_!#$%&'*+/=?`{|}~^.-]+@acme.com"]] ]
2023-01-23 14:20:42.928  WARN 7233 --- [http-nio-28852-exec-5] .w.s.m.s.DefaultHandlerExceptionResolver : Resolved [org.springframework.web.bind.MethodArgumentNotValidException: Validation failed for argument [0] in public org.springframework.http.ResponseEntity account.controller.AuthenticationController.signupEndpoint(account.entity.UserInfo): [Field error in object 'userInfo' on field 'lastname': rejected value [null]; codes [NotEmpty.userInfo.lastname,NotEmpty.lastname,NotEmpty.java.lang.String,NotEmpty]; arguments [org.springframework.context.support.DefaultMessageSourceResolvable: codes [userInfo.lastname,lastname]; arguments []; default message [lastname]]; default message [must not be empty]] ]
2023-01-23 14:20:42.935  WARN 7233 --- [http-nio-28852-exec-6] .w.s.m.s.DefaultHandlerExceptionResolver : Resolved [org.springframework.web.bind.MethodArgumentNotValidException: Validation failed for argument [0] in public org.springframework.http.ResponseEntity account.controller.AuthenticationController.signupEndpoint(account.entity.UserInfo): [Field error in object 'userInfo' on field 'password': rejected value []; codes [NotEmpty.userInfo.password,NotEmpty.password,NotEmpty.java.lang.String,NotEmpty]; arguments [org.springframework.context.support.DefaultMessageSourceResolvable: codes [userInfo.password,password]; arguments []; default message [password]]; default message [must not be empty]] ]
2023-01-23 14:20:42.940  WARN 7233 --- [http-nio-28852-exec-7] .w.s.m.s.DefaultHandlerExceptionResolver : Resolved [org.springframework.web.bind.MethodArgumentNotValidException: Validation failed for argument [0] in public org.springframework.http.ResponseEntity account.controller.AuthenticationController.signupEndpoint(account.entity.UserInfo): [Field error in object 'userInfo' on field 'password': rejected value [null]; codes [NotEmpty.userInfo.password,NotEmpty.password,NotEmpty.java.lang.String,NotEmpty]; arguments [org.springframework.context.support.DefaultMessageSourceResolvable: codes [userInfo.password,password]; arguments []; default message [password]]; default message [must not be empty]] ]
2023-01-23 14:20:42.946  WARN 7233 --- [http-nio-28852-exec-8] .w.s.m.s.DefaultHandlerExceptionResolver : Resolved [org.springframework.web.bind.MethodArgumentNotValidException: Validation failed for argument [0] in public org.springframework.http.ResponseEntity account.controller.AuthenticationController.signupEndpoint(account.entity.UserInfo) with 2 errors: [Field error in object 'userInfo' on field 'email': rejected value [johndoeacme.com]; codes [Email.userInfo.email,Email.email,Email.java.lang.String,Email]; arguments [org.springframework.context.support.DefaultMessageSourceResolvable: codes [userInfo.email,email]; arguments []; default message [email],[Ljavax.validation.constraints.Pattern$Flag;@3991a222,.*]; default message [must be a well-formed email address]] [Field error in object 'userInfo' on field 'email': rejected value [johndoeacme.com]; codes [Pattern.userInfo.email,Pattern.email,Pattern.java.lang.String,Pattern]; arguments [org.springframework.context.support.DefaultMessageSourceResolvable: codes [userInfo.email,email]; arguments []; default message [email],[Ljavax.validation.constraints.Pattern$Flag;@4431efbb,^[a-zA-Z0-9_!#$%&'*+/=?`{|}~^.-]+@acme.com]; default message [must match "^[a-zA-Z0-9_!#$%&'*+/=?`{|}~^.-]+@acme.com"]] ]
2023-01-23 14:20:42.951  WARN 7233 --- [http-nio-28852-exec-9] .w.s.m.s.DefaultHandlerExceptionResolver : Resolved [org.springframework.web.bind.MethodArgumentNotValidException: Validation failed for argument [0] in public org.springframework.http.ResponseEntity account.controller.AuthenticationController.signupEndpoint(account.entity.UserInfo): [Field error in object 'userInfo' on field 'email': rejected value [johndoe@google.com]; codes [Pattern.userInfo.email,Pattern.email,Pattern.java.lang.String,Pattern]; arguments [org.springframework.context.support.DefaultMessageSourceResolvable: codes [userInfo.email,email]; arguments []; default message [email],[Ljavax.validation.constraints.Pattern$Flag;@4431efbb,^[a-zA-Z0-9_!#$%&'*+/=?`{|}~^.-]+@acme.com]; default message [must match "^[a-zA-Z0-9_!#$%&'*+/=?`{|}~^.-]+@acme.com"]] ]
2023-01-23 14:20:43.121 DEBUG 7233 --- [http-nio-28852-exec-10] account.controller.BusinessController    : GET /api/empl/payment1 /Id: 1 name: John lastname: Doe email: johndoe@acme.com username: johndoe@acme.com password: $2a$10$4a08mAl8DoOzFQ6ir4CLUOenLr4zUGjX0gToLqWOTRKjETUchcsT6
2023-01-23 14:20:43.204 DEBUG 7233 --- [http-nio-28852-exec-1] account.controller.BusinessController    : GET /api/empl/payment1 /Id: 1 name: John lastname: Doe email: johndoe@acme.com username: johndoe@acme.com password: $2a$10$4a08mAl8DoOzFQ6ir4CLUOenLr4zUGjX0gToLqWOTRKjETUchcsT6
2023-01-23 14:20:43.284 DEBUG 7233 --- [http-nio-28852-exec-2] account.controller.BusinessController    : GET /api/empl/payment1 /Id: 2 name: Max lastname: Mustermann email: maxmustermann@acme.com username: maxmustermann@acme.com password: $2a$10$OEO9GE43tU8MrRhwFfhgbuZJ0GpCQw5dMxagFdk3.f/NI9far43cO
2023-01-23 14:20:43.364 DEBUG 7233 --- [http-nio-28852-exec-3] account.controller.BusinessController    : GET /api/empl/payment1 /Id: 2 name: Max lastname: Mustermann email: maxmustermann@acme.com username: maxmustermann@acme.com password: $2a$10$OEO9GE43tU8MrRhwFfhgbuZJ0GpCQw5dMxagFdk3.f/NI9far43cO
2023-01-23 14:20:44.324  INFO 7233 --- [Thread-5] j.LocalContainerEntityManagerFactoryBean : Closing JPA EntityManagerFactory for persistence unit 'default'
2023-01-23 14:20:44.326  INFO 7233 --- [Thread-5] com.zaxxer.hikari.HikariDataSource       : HikariPool-1 - Shutdown initiated...
2023-01-23 14:20:44.374  INFO 7233 --- [Thread-5] com.zaxxer.hikari.HikariDataSource       : HikariPool-1 - Shutdown completed.
2023-01-23 14:20:54.152  INFO 7233 --- [Test worker] account.AccountServiceApplication        : Starting AccountServiceApplication using Java 17.0.4.1 on Ahmets-MacBook-Air.local with PID 7233 (started by ahmetfikretcalikoglu in /Users/ahmetfikretcalikoglu/IdeaProjects/Account-Service/Account Service/task)
2023-01-23 14:20:54.153 DEBUG 7233 --- [Test worker] account.AccountServiceApplication        : Running with Spring Boot v2.5.6, Spring v5.3.12
2023-01-23 14:20:54.153  INFO 7233 --- [Test worker] account.AccountServiceApplication        : No active profile set, falling back to default profiles: default
2023-01-23 14:20:54.268  INFO 7233 --- [Test worker] .s.d.r.c.RepositoryConfigurationDelegate : Bootstrapping Spring Data JPA repositories in DEFAULT mode.
2023-01-23 14:20:54.272  INFO 7233 --- [Test worker] .s.d.r.c.RepositoryConfigurationDelegate : Finished Spring Data repository scanning in 3 ms. Found 1 JPA repository interfaces.
2023-01-23 14:20:54.324  INFO 7233 --- [Test worker] o.s.b.w.embedded.tomcat.TomcatWebServer  : Tomcat initialized with port(s): 28852 (http)
2023-01-23 14:20:54.324  INFO 7233 --- [Test worker] o.apache.catalina.core.StandardService   : Starting service [Tomcat]
2023-01-23 14:20:54.324  INFO 7233 --- [Test worker] org.apache.catalina.core.StandardEngine  : Starting Servlet engine: [Apache Tomcat/9.0.54]
2023-01-23 14:20:54.335  INFO 7233 --- [Test worker] o.a.c.c.C.[Tomcat].[localhost].[/]       : Initializing Spring embedded WebApplicationContext
2023-01-23 14:20:54.335  INFO 7233 --- [Test worker] w.s.c.ServletWebServerApplicationContext : Root WebApplicationContext: initialization completed in 180 ms
2023-01-23 14:20:54.347  INFO 7233 --- [Test worker] com.zaxxer.hikari.HikariDataSource       : HikariPool-2 - Starting...
2023-01-23 14:20:54.351  INFO 7233 --- [Test worker] com.zaxxer.hikari.HikariDataSource       : HikariPool-2 - Start completed.
2023-01-23 14:20:54.351  INFO 7233 --- [Test worker] o.s.b.a.h2.H2ConsoleAutoConfiguration    : H2 console available at '/h2-console'. Database available at 'jdbc:h2:file:../service_db'
2023-01-23 14:20:54.367  INFO 7233 --- [Test worker] o.hibernate.jpa.internal.util.LogHelper  : HHH000204: Processing PersistenceUnitInfo [name: default]
2023-01-23 14:20:54.369  INFO 7233 --- [Test worker] org.hibernate.dialect.Dialect            : HHH000400: Using dialect: org.hibernate.dialect.H2Dialect
2023-01-23 14:20:54.392  INFO 7233 --- [Test worker] o.h.e.t.j.p.i.JtaPlatformInitiator       : HHH000490: Using JtaPlatform implementation: [org.hibernate.engine.transaction.jta.platform.internal.NoJtaPlatform]
2023-01-23 14:20:54.392  INFO 7233 --- [Test worker] j.LocalContainerEntityManagerFactoryBean : Initialized JPA EntityManagerFactory for persistence unit 'default'
2023-01-23 14:20:54.419  INFO 7233 --- [Test worker] o.s.s.web.DefaultSecurityFilterChain     : Will secure any request with [org.springframework.security.web.context.request.async.WebAsyncManagerIntegrationFilter@6b02909d, org.springframework.security.web.context.SecurityContextPersistenceFilter@387bbd7a, org.springframework.security.web.header.HeaderWriterFilter@377a1763, org.springframework.security.web.authentication.logout.LogoutFilter@7066c00a, org.springframework.security.web.authentication.www.BasicAuthenticationFilter@2914f916, org.springframework.security.web.savedrequest.RequestCacheAwareFilter@22cf6c9c, org.springframework.security.web.servletapi.SecurityContextHolderAwareRequestFilter@4569b6a9, org.springframework.security.web.authentication.AnonymousAuthenticationFilter@655008a2, org.springframework.security.web.session.SessionManagementFilter@61f62b80, org.springframework.security.web.access.ExceptionTranslationFilter@49aa6081, org.springframework.security.web.access.intercept.AuthorizationFilter@2da273b3]
2023-01-23 14:20:54.427  WARN 7233 --- [Test worker] JpaBaseConfiguration$JpaWebConfiguration : spring.jpa.open-in-view is enabled by default. Therefore, database queries may be performed during view rendering. Explicitly configure spring.jpa.open-in-view to disable this warning
2023-01-23 14:20:54.491  INFO 7233 --- [Test worker] o.s.s.web.DefaultSecurityFilterChain     : Will secure Ant [pattern='/api/auth/signup'] with []
2023-01-23 14:20:54.491  INFO 7233 --- [Test worker] o.s.s.web.DefaultSecurityFilterChain     : Will secure Ant [pattern='/actuator/shutdown'] with []
2023-01-23 14:20:54.491  INFO 7233 --- [Test worker] o.s.s.web.DefaultSecurityFilterChain     : Will secure Ant [pattern='/h2-console/*'] with []
2023-01-23 14:20:54.494  INFO 7233 --- [Test worker] o.s.b.a.e.web.EndpointLinksResolver      : Exposing 15 endpoint(s) beneath base path '/actuator'
2023-01-23 14:20:54.501  INFO 7233 --- [Test worker] o.s.b.w.embedded.tomcat.TomcatWebServer  : Tomcat started on port(s): 28852 (http) with context path ''
2023-01-23 14:20:54.504  INFO 7233 --- [Test worker] account.AccountServiceApplication        : Started AccountServiceApplication in 0.386 seconds (JVM running for 14.699)
2023-01-23 14:20:54.509  INFO 7233 --- [http-nio-28852-exec-1] o.a.c.c.C.[Tomcat].[localhost].[/]       : Initializing Spring DispatcherServlet 'dispatcherServlet'
2023-01-23 14:20:54.509  INFO 7233 --- [http-nio-28852-exec-1] o.s.web.servlet.DispatcherServlet        : Initializing Servlet 'dispatcherServlet'
2023-01-23 14:20:54.510  INFO 7233 --- [http-nio-28852-exec-1] o.s.web.servlet.DispatcherServlet        : Completed initialization in 1 ms
2023-01-23 14:20:54.666 DEBUG 7233 --- [http-nio-28852-exec-1] account.controller.BusinessController    : GET /api/empl/payment1 /Id: 1 name: John lastname: Doe email: johndoe@acme.com username: johndoe@acme.com password: $2a$10$4a08mAl8DoOzFQ6ir4CLUOenLr4zUGjX0gToLqWOTRKjETUchcsT6
2023-01-23 14:20:54.690  INFO 7233 --- [SpringApplicationShutdownHook] j.LocalContainerEntityManagerFactoryBean : Closing JPA EntityManagerFactory for persistence unit 'default'
2023-01-23 14:20:54.691  INFO 7233 --- [SpringApplicationShutdownHook] com.zaxxer.hikari.HikariDataSource       : HikariPool-2 - Shutdown initiated...
2023-01-23 14:20:54.691  INFO 7233 --- [SpringApplicationShutdownHook] com.zaxxer.hikari.HikariDataSource       : HikariPool-2 - Shutdown completed.
